<?xml version="1.0" encoding="UTF-8"?>
<testng-results ignored="0" total="2" passed="2" failed="0" skipped="0">
  <reporter-output>
  </reporter-output>
  <suite started-at="2024-04-10T11:26:32 IST" name="Default suite" finished-at="2024-04-10T11:26:51 IST" duration-ms="18997">
    <groups>
    </groups>
    <test started-at="2024-04-10T11:26:32 IST" name="Default test" finished-at="2024-04-10T11:26:51 IST" duration-ms="18997">
      <class name="Test_Scenarios.TC_21">
        <test-method signature="LumaLogin()[pri:0, instance:Test_Scenarios.TC_21@1cbbffcd]" started-at="2024-04-10T11:26:32 IST" name="LumaLogin" finished-at="2024-04-10T11:26:49 IST" duration-ms="16614" status="PASS">
          <reporter-output>
          </reporter-output>
        </test-method> <!-- LumaLogin -->
        <test-method signature="SearchandClear()[pri:0, instance:Test_Scenarios.TC_21@1cbbffcd]" started-at="2024-04-10T11:26:49 IST" name="SearchandClear" finished-at="2024-04-10T11:26:51 IST" duration-ms="2289" status="PASS">
          <reporter-output>
          </reporter-output>
        </test-method> <!-- SearchandClear -->
      </class> <!-- Test_Scenarios.TC_21 -->
    </test> <!-- Default test -->
  </suite> <!-- Default suite -->
</testng-results>
